<?xml version="1.0" encoding="UTF-8"?>
<testsuite name="com.extensionrepository.RoleServiceTests" tests="1" skipped="0" failures="0" errors="0" timestamp="2018-09-09T09:55:48" hostname="Yasen" time="0.001">
  <properties/>
  <testcase name="findByName_shouldReturnRole_whenExistingNameGiven" classname="com.extensionrepository.RoleServiceTests" time="0.001"/>
  <system-out><![CDATA[]]></system-out>
  <system-err><![CDATA[]]></system-err>
</testsuite>
